Using pre-set license
Built from '2020.3/staging' branch; Version is '2020.3.4f1 (0abb6314276a) revision 703331'; Using compiler version '192528614'; Build Type 'Release'
OS: 'Windows 10 Pro; OS build 19042.1052; Version 2009; 64bit' Language: 'ko' Physical Memory: 16270 MB
BatchMode: 1, IsHumanControllingUs: 0, StartBugReporterOnCrash: 0, Is64bit: 1, IsPro: 0

 COMMAND LINE ARGUMENTS:
C:\Users\Default.DESKTOP-6F3BTUF\Desktop\2020.3.4f1\Editor\Unity.exe
-adb2
-batchMode
-noUpm
-name
AssetImportWorker0
-projectPath
C:/Users/Default.DESKTOP-6F3BTUF/Desktop/leejunhee_/RPG Project
-logFile
Logs/AssetImportWorker0.log
-srvPort
63279
Successfully changed project path to: C:/Users/Default.DESKTOP-6F3BTUF/Desktop/leejunhee_/RPG Project
C:/Users/Default.DESKTOP-6F3BTUF/Desktop/leejunhee_/RPG Project
Using Asset Import Pipeline V2.
Refreshing native plugins compatible for Editor in 24.44 ms, found 0 plugins.
Preloading 0 native plugins for Editor in 0.00 ms.
Initialize engine version: 2020.3.4f1 (0abb6314276a)
[Subsystems] Discovering subsystems at path C:/Users/Default.DESKTOP-6F3BTUF/Desktop/2020.3.4f1/Editor/Data/Resources/UnitySubsystems
[Subsystems] Discovering subsystems at path C:/Users/Default.DESKTOP-6F3BTUF/Desktop/leejunhee_/RPG Project/Assets
GfxDevice: creating device client; threaded=0
Direct3D:
    Version:  Direct3D 11.0 [level 11.1]
    Renderer: NVIDIA GeForce RTX 2060 (ID=0x1f08)
    Vendor:   
    VRAM:     5980 MB
    Driver:   27.21.14.5671
Initialize mono
Mono path[0] = 'C:/Users/Default.DESKTOP-6F3BTUF/Desktop/2020.3.4f1/Editor/Data/Managed'
Mono path[1] = 'C:/Users/Default.DESKTOP-6F3BTUF/Desktop/2020.3.4f1/Editor/Data/MonoBleedingEdge/lib/mono/unityjit'
Mono config path = 'C:/Users/Default.DESKTOP-6F3BTUF/Desktop/2020.3.4f1/Editor/Data/MonoBleedingEdge/etc'
Using monoOptions --debugger-agent=transport=dt_socket,embedding=1,server=y,suspend=n,address=127.0.0.1:56076
Begin MonoManager ReloadAssembly
Registering precompiled unity dll's ...
Register platform support module: C:/Users/Default.DESKTOP-6F3BTUF/Desktop/2020.3.4f1/Editor/Data/PlaybackEngines/WindowsStandaloneSupport/UnityEditor.WindowsStandalone.Extensions.dll
Registered in 0.001767 seconds.
Native extension for WindowsStandalone target not found
Refreshing native plugins compatible for Editor in 31.12 ms, found 0 plugins.
Preloading 0 native plugins for Editor in 0.00 ms.
Mono: successfully reloaded assembly
- Completed reload, in  1.254 seconds
Platform modules already initialized, skipping
Registering precompiled user dll's ...
Registered in 0.000668 seconds.
Begin MonoManager ReloadAssembly
Native extension for WindowsStandalone target not found
Refreshing native plugins compatible for Editor in 0.21 ms, found 0 plugins.
Preloading 0 native plugins for Editor in 0.00 ms.
Mono: successfully reloaded assembly
- Completed reload, in  0.981 seconds
Platform modules already initialized, skipping
========================================================================
Worker process is ready to serve import requests
Launched and connected shader compiler UnityShaderCompiler.exe after 0.05 seconds
Refreshing native plugins compatible for Editor in 0.23 ms, found 0 plugins.
Preloading 0 native plugins for Editor in 0.00 ms.
Unloading 1085 Unused Serialized files (Serialized files now loaded: 0)
System memory in use before: 56.8 MB.
System memory in use after: 56.9 MB.

Unloading 9 unused Assets to reduce memory usage. Loaded Objects now: 1531.
Total: 2.703300 ms (FindLiveObjects: 0.329400 ms CreateObjectMapping: 0.099200 ms MarkObjects: 2.174900 ms  DeleteObjects: 0.097100 ms)

========================================================================
Received Import Request.
  path: Assets/Scripts/Player/CameraMove.cs
  artifactKey: Guid(8d6f81120b31f3e40981688f3536dfd0) Importer(815301076,1909f56bfc062723c751e8b465ee728b)
Start importing Assets/Scripts/Player/CameraMove.cs using Guid(8d6f81120b31f3e40981688f3536dfd0) Importer(815301076,1909f56bfc062723c751e8b465ee728b)  -> (artifact id: 'a4ad2c67910a7dc41d8177527584f5d7') in 0.044747 seconds
  Import took 0.047595 seconds .

========================================================================
Received Import Request.
  Time since last request: 6.682499 seconds.
  path: Assets/Scripts/Player/PlayerAttack.cs
  artifactKey: Guid(3e828b2f24981094084e737affdfe12e) Importer(815301076,1909f56bfc062723c751e8b465ee728b)
Start importing Assets/Scripts/Player/PlayerAttack.cs using Guid(3e828b2f24981094084e737affdfe12e) Importer(815301076,1909f56bfc062723c751e8b465ee728b)  -> (artifact id: 'aaf1a9a0e0fc5647976ff5981b15b3d3') in 0.072641 seconds
  Import took 0.078443 seconds .

========================================================================
Received Import Request.
  Time since last request: 0.025143 seconds.
  path: Assets/Scripts/Player/PlayerHP.cs
  artifactKey: Guid(dba6062f9f1756f42b7ac3875bafa541) Importer(815301076,1909f56bfc062723c751e8b465ee728b)
Start importing Assets/Scripts/Player/PlayerHP.cs using Guid(dba6062f9f1756f42b7ac3875bafa541) Importer(815301076,1909f56bfc062723c751e8b465ee728b)  -> (artifact id: '7fc6620b4ebdb0e25a8087b37eb50459') in 0.012027 seconds
  Import took 0.016956 seconds .

========================================================================
Received Import Request.
  Time since last request: 1.017311 seconds.
  path: Assets/Scripts/Player/PlayerMove.cs
  artifactKey: Guid(e4a2289749f74964c900b436d1c97260) Importer(815301076,1909f56bfc062723c751e8b465ee728b)
Start importing Assets/Scripts/Player/PlayerMove.cs using Guid(e4a2289749f74964c900b436d1c97260) Importer(815301076,1909f56bfc062723c751e8b465ee728b)  -> (artifact id: '11db4eb236d15ed7409dfa25f7a57ae0') in 0.023553 seconds
  Import took 0.028156 seconds .

========================================================================
Received Import Request.
  Time since last request: 2.452128 seconds.
  path: Assets/Scripts/Enemy/EnemyHP.cs
  artifactKey: Guid(f51d7ad31f7b5634fba3ff103f0b70d4) Importer(815301076,1909f56bfc062723c751e8b465ee728b)
Start importing Assets/Scripts/Enemy/EnemyHP.cs using Guid(f51d7ad31f7b5634fba3ff103f0b70d4) Importer(815301076,1909f56bfc062723c751e8b465ee728b)  -> (artifact id: '67bf22dfd273cb5b07c4ea1b4c63d392') in 0.011495 seconds
  Import took 0.014004 seconds .

========================================================================
Received Import Request.
  Time since last request: 0.001217 seconds.
  path: Assets/Scripts/Enemy/EnemyHP.cs
  artifactKey: Guid(f51d7ad31f7b5634fba3ff103f0b70d4) Importer(815301076,1909f56bfc062723c751e8b465ee728b)
Start importing Assets/Scripts/Enemy/EnemyHP.cs using Guid(f51d7ad31f7b5634fba3ff103f0b70d4) Importer(815301076,1909f56bfc062723c751e8b465ee728b)  -> (artifact id: '67bf22dfd273cb5b07c4ea1b4c63d392') in 0.002437 seconds
  Import took 0.004980 seconds .

========================================================================
Received Import Request.
  Time since last request: 0.613433 seconds.
  path: Assets/Scripts/Enemy/Monstermove.cs
  artifactKey: Guid(8180620ad003ff2468e6be029a20271e) Importer(815301076,1909f56bfc062723c751e8b465ee728b)
Start importing Assets/Scripts/Enemy/Monstermove.cs using Guid(8180620ad003ff2468e6be029a20271e) Importer(815301076,1909f56bfc062723c751e8b465ee728b)  -> (artifact id: '1d6315d2ba7b8a8e55bad4bd641a1305') in 0.006385 seconds
  Import took 0.008682 seconds .

========================================================================
Received Prepare
Registering precompiled user dll's ...
Registered in 0.001023 seconds.
Begin MonoManager ReloadAssembly
Native extension for WindowsStandalone target not found
Refreshing native plugins compatible for Editor in 0.20 ms, found 0 plugins.
Preloading 0 native plugins for Editor in 0.00 ms.
Mono: successfully reloaded assembly
- Completed reload, in  0.767 seconds
Platform modules already initialized, skipping
Refreshing native plugins compatible for Editor in 0.24 ms, found 0 plugins.
Preloading 0 native plugins for Editor in 0.00 ms.
Unloading 1080 Unused Serialized files (Serialized files now loaded: 0)
System memory in use before: 56.8 MB.
System memory in use after: 56.9 MB.

Unloading 4 unused Assets to reduce memory usage. Loaded Objects now: 1533.
Total: 1.805600 ms (FindLiveObjects: 0.145800 ms CreateObjectMapping: 0.063500 ms MarkObjects: 1.502600 ms  DeleteObjects: 0.092700 ms)

========================================================================
Received Import Request.
  Time since last request: 6779.106463 seconds.
  path: Assets/Scripts/Enemy/Monstermove.cs
  artifactKey: Guid(8180620ad003ff2468e6be029a20271e) Importer(815301076,1909f56bfc062723c751e8b465ee728b)
Start importing Assets/Scripts/Enemy/Monstermove.cs using Guid(8180620ad003ff2468e6be029a20271e) Importer(815301076,1909f56bfc062723c751e8b465ee728b)  -> (artifact id: '5b5c7f003ace7fd5a0dbe6711723255f') in 0.008519 seconds
  Import took 0.010435 seconds .

AssetImportWorkerClient::OnTransportError - code=2 error=End of file
