Using pre-set license
Built from '2020.3/staging' branch; Version is '2020.3.4f1 (0abb6314276a) revision 703331'; Using compiler version '192528614'; Build Type 'Release'
OS: 'Windows 10 Pro; OS build 19042.1052; Version 2009; 64bit' Language: 'ko' Physical Memory: 16270 MB
BatchMode: 1, IsHumanControllingUs: 0, StartBugReporterOnCrash: 0, Is64bit: 1, IsPro: 0

 COMMAND LINE ARGUMENTS:
C:\Users\Default.DESKTOP-6F3BTUF\Desktop\2020.3.4f1\Editor\Unity.exe
-adb2
-batchMode
-noUpm
-name
AssetImportWorker0
-projectPath
C:/Users/Default.DESKTOP-6F3BTUF/Desktop/TWOLEEMONG/RPG project1
-logFile
Logs/AssetImportWorker0.log
-srvPort
55829
Successfully changed project path to: C:/Users/Default.DESKTOP-6F3BTUF/Desktop/TWOLEEMONG/RPG project1
C:/Users/Default.DESKTOP-6F3BTUF/Desktop/TWOLEEMONG/RPG project1
Using Asset Import Pipeline V2.
Refreshing native plugins compatible for Editor in 22.48 ms, found 0 plugins.
Preloading 0 native plugins for Editor in 0.00 ms.
Initialize engine version: 2020.3.4f1 (0abb6314276a)
[Subsystems] Discovering subsystems at path C:/Users/Default.DESKTOP-6F3BTUF/Desktop/2020.3.4f1/Editor/Data/Resources/UnitySubsystems
[Subsystems] Discovering subsystems at path C:/Users/Default.DESKTOP-6F3BTUF/Desktop/TWOLEEMONG/RPG project1/Assets
GfxDevice: creating device client; threaded=0
Direct3D:
    Version:  Direct3D 11.0 [level 11.1]
    Renderer: NVIDIA GeForce RTX 2060 (ID=0x1f08)
    Vendor:   
    VRAM:     5980 MB
    Driver:   27.21.14.5671
Initialize mono
Mono path[0] = 'C:/Users/Default.DESKTOP-6F3BTUF/Desktop/2020.3.4f1/Editor/Data/Managed'
Mono path[1] = 'C:/Users/Default.DESKTOP-6F3BTUF/Desktop/2020.3.4f1/Editor/Data/MonoBleedingEdge/lib/mono/unityjit'
Mono config path = 'C:/Users/Default.DESKTOP-6F3BTUF/Desktop/2020.3.4f1/Editor/Data/MonoBleedingEdge/etc'
Using monoOptions --debugger-agent=transport=dt_socket,embedding=1,server=y,suspend=n,address=127.0.0.1:56252
Begin MonoManager ReloadAssembly
Registering precompiled unity dll's ...
Register platform support module: C:/Users/Default.DESKTOP-6F3BTUF/Desktop/2020.3.4f1/Editor/Data/PlaybackEngines/WindowsStandaloneSupport/UnityEditor.WindowsStandalone.Extensions.dll
Registered in 0.001556 seconds.
Native extension for WindowsStandalone target not found
Refreshing native plugins compatible for Editor in 22.53 ms, found 0 plugins.
Preloading 0 native plugins for Editor in 0.00 ms.
Mono: successfully reloaded assembly
- Completed reload, in  1.011 seconds
Platform modules already initialized, skipping
Registering precompiled user dll's ...
Registered in 0.000616 seconds.
Begin MonoManager ReloadAssembly
Native extension for WindowsStandalone target not found
Refreshing native plugins compatible for Editor in 0.20 ms, found 0 plugins.
Preloading 0 native plugins for Editor in 0.00 ms.
Mono: successfully reloaded assembly
- Completed reload, in  0.824 seconds
Platform modules already initialized, skipping
========================================================================
Worker process is ready to serve import requests
Launched and connected shader compiler UnityShaderCompiler.exe after 0.05 seconds
Refreshing native plugins compatible for Editor in 0.21 ms, found 0 plugins.
Preloading 0 native plugins for Editor in 0.00 ms.
Unloading 1115 Unused Serialized files (Serialized files now loaded: 0)
System memory in use before: 57.1 MB.
System memory in use after: 57.1 MB.

Unloading 10 unused Assets to reduce memory usage. Loaded Objects now: 1557.
Total: 2.183100 ms (FindLiveObjects: 0.359300 ms CreateObjectMapping: 0.100700 ms MarkObjects: 1.587600 ms  DeleteObjects: 0.134100 ms)

========================================================================
Received Import Request.
  path: Assets
  artifactKey: Guid(00000000000000001000000000000000) Importer(815301076,1909f56bfc062723c751e8b465ee728b)
Start importing Assets using Guid(00000000000000001000000000000000) Importer(815301076,1909f56bfc062723c751e8b465ee728b)  -> (artifact id: '025e4f587c23674256bb898581e82961') in 0.009286 seconds
  Import took 0.011678 seconds .

========================================================================
Received Import Request.
  Time since last request: 1.149468 seconds.
  path: Assets
  artifactKey: Guid(00000000000000001000000000000000) Importer(815301076,1909f56bfc062723c751e8b465ee728b)
Start importing Assets using Guid(00000000000000001000000000000000) Importer(815301076,1909f56bfc062723c751e8b465ee728b)  -> (artifact id: '025e4f587c23674256bb898581e82961') in 0.002211 seconds
  Import took 0.004425 seconds .

========================================================================
Received Import Request.
  Time since last request: 6.488863 seconds.
  path: Assets/scripts
  artifactKey: Guid(bbff33b230aaa6446b7e96b2f9220681) Importer(815301076,1909f56bfc062723c751e8b465ee728b)
Start importing Assets/scripts using Guid(bbff33b230aaa6446b7e96b2f9220681) Importer(815301076,1909f56bfc062723c751e8b465ee728b)  -> (artifact id: '39d41e35c4fe9155678a065248c72301') in 0.008305 seconds
  Import took 0.011169 seconds .

========================================================================
Received Import Request.
  Time since last request: 113.895886 seconds.
  path: Assets/scripts/Monstermove.cs
  artifactKey: Guid(c455dce9164730a428a74d9bbc740a80) Importer(815301076,1909f56bfc062723c751e8b465ee728b)
Start importing Assets/scripts/Monstermove.cs using Guid(c455dce9164730a428a74d9bbc740a80) Importer(815301076,1909f56bfc062723c751e8b465ee728b)  -> (artifact id: 'e7e4ef381f810b7be37024107c28d73e') in 0.048528 seconds
  Import took 0.050538 seconds .

========================================================================
Received Prepare
Registering precompiled user dll's ...
Registered in 0.000523 seconds.
Begin MonoManager ReloadAssembly
Native extension for WindowsStandalone target not found
Refreshing native plugins compatible for Editor in 0.21 ms, found 0 plugins.
Preloading 0 native plugins for Editor in 0.00 ms.
Mono: successfully reloaded assembly
- Completed reload, in  0.792 seconds
Platform modules already initialized, skipping
Refreshing native plugins compatible for Editor in 0.20 ms, found 0 plugins.
Preloading 0 native plugins for Editor in 0.00 ms.
Unloading 1111 Unused Serialized files (Serialized files now loaded: 0)
System memory in use before: 57.1 MB.
System memory in use after: 57.1 MB.

Unloading 5 unused Assets to reduce memory usage. Loaded Objects now: 1561.
Total: 1.944700 ms (FindLiveObjects: 0.217000 ms CreateObjectMapping: 0.034800 ms MarkObjects: 1.572300 ms  DeleteObjects: 0.119000 ms)

========================================================================
Received Import Request.
  Time since last request: 490.382968 seconds.
  path: Assets/Scenes
  artifactKey: Guid(7fe9793207e8e574b8c88a4d31a85a32) Importer(815301076,1909f56bfc062723c751e8b465ee728b)
Start importing Assets/Scenes using Guid(7fe9793207e8e574b8c88a4d31a85a32) Importer(815301076,1909f56bfc062723c751e8b465ee728b)  -> (artifact id: '6168fdff91b195a201d36fc5603eb6fd') in 0.014334 seconds
  Import took 0.017507 seconds .

========================================================================
Received Import Request.
  Time since last request: 5.947493 seconds.
  path: Assets/Scenes/wdsfsaf.anim
  artifactKey: Guid(cee15306736428541a49dfac8914f7e2) Importer(815301076,1909f56bfc062723c751e8b465ee728b)
Start importing Assets/Scenes/wdsfsaf.anim using Guid(cee15306736428541a49dfac8914f7e2) Importer(815301076,1909f56bfc062723c751e8b465ee728b)  -> (artifact id: '626f65cde4310043ff5c2fe308b35419') in 0.022138 seconds
  Import took 0.024383 seconds .

========================================================================
Received Import Request.
  Time since last request: 6.285578 seconds.
  path: Assets/Scenes/fff.controller
  artifactKey: Guid(a4300930e410c624c92885b2bf6a5d4c) Importer(815301076,1909f56bfc062723c751e8b465ee728b)
Start importing Assets/Scenes/fff.controller using Guid(a4300930e410c624c92885b2bf6a5d4c) Importer(815301076,1909f56bfc062723c751e8b465ee728b)  -> (artifact id: '059ea7a9191fe387236d0b55b7f37d64') in 0.012750 seconds
  Import took 0.015419 seconds .

========================================================================
Received Import Request.
  Time since last request: 1622.101969 seconds.
  path: Assets/scripts/Monstermove.cs
  artifactKey: Guid(c455dce9164730a428a74d9bbc740a80) Importer(815301076,1909f56bfc062723c751e8b465ee728b)
Start importing Assets/scripts/Monstermove.cs using Guid(c455dce9164730a428a74d9bbc740a80) Importer(815301076,1909f56bfc062723c751e8b465ee728b)  -> (artifact id: '786e76e2319a26a25da36638d5224c70') in 0.005580 seconds
  Import took 0.008865 seconds .

========================================================================
Received Import Request.
  Time since last request: 0.473329 seconds.
  path: Assets/scripts/Monstermove.cs
  artifactKey: Guid(c455dce9164730a428a74d9bbc740a80) Importer(815301076,1909f56bfc062723c751e8b465ee728b)
Start importing Assets/scripts/Monstermove.cs using Guid(c455dce9164730a428a74d9bbc740a80) Importer(815301076,1909f56bfc062723c751e8b465ee728b)  -> (artifact id: '786e76e2319a26a25da36638d5224c70') in 0.003580 seconds
  Import took 0.006175 seconds .

========================================================================
Received Prepare
Registering precompiled user dll's ...
Registered in 0.000778 seconds.
Begin MonoManager ReloadAssembly
Native extension for WindowsStandalone target not found
Refreshing native plugins compatible for Editor in 0.28 ms, found 0 plugins.
Preloading 0 native plugins for Editor in 0.00 ms.
Mono: successfully reloaded assembly
- Completed reload, in  0.804 seconds
Platform modules already initialized, skipping
Refreshing native plugins compatible for Editor in 0.20 ms, found 0 plugins.
Preloading 0 native plugins for Editor in 0.00 ms.
Unloading 1111 Unused Serialized files (Serialized files now loaded: 0)
System memory in use before: 57.1 MB.
System memory in use after: 57.2 MB.

Unloading 5 unused Assets to reduce memory usage. Loaded Objects now: 1564.
Total: 1.687700 ms (FindLiveObjects: 0.155400 ms CreateObjectMapping: 0.036100 ms MarkObjects: 1.414800 ms  DeleteObjects: 0.080800 ms)

========================================================================
Received Prepare
Registering precompiled user dll's ...
Registered in 0.000632 seconds.
Begin MonoManager ReloadAssembly
Native extension for WindowsStandalone target not found
Refreshing native plugins compatible for Editor in 0.21 ms, found 0 plugins.
Preloading 0 native plugins for Editor in 0.00 ms.
Mono: successfully reloaded assembly
- Completed reload, in  0.839 seconds
Platform modules already initialized, skipping
Refreshing native plugins compatible for Editor in 0.25 ms, found 0 plugins.
Preloading 0 native plugins for Editor in 0.00 ms.
Unloading 1111 Unused Serialized files (Serialized files now loaded: 0)
System memory in use before: 57.1 MB.
System memory in use after: 57.2 MB.

Unloading 5 unused Assets to reduce memory usage. Loaded Objects now: 1567.
Total: 2.084300 ms (FindLiveObjects: 0.200000 ms CreateObjectMapping: 0.063800 ms MarkObjects: 1.760700 ms  DeleteObjects: 0.058200 ms)

========================================================================
Received Prepare
Registering precompiled user dll's ...
Registered in 0.000743 seconds.
Begin MonoManager ReloadAssembly
Native extension for WindowsStandalone target not found
Refreshing native plugins compatible for Editor in 0.21 ms, found 0 plugins.
Preloading 0 native plugins for Editor in 0.00 ms.
Mono: successfully reloaded assembly
- Completed reload, in  0.749 seconds
Platform modules already initialized, skipping
Refreshing native plugins compatible for Editor in 0.20 ms, found 0 plugins.
Preloading 0 native plugins for Editor in 0.00 ms.
Unloading 1111 Unused Serialized files (Serialized files now loaded: 0)
System memory in use before: 57.1 MB.
System memory in use after: 57.2 MB.

Unloading 5 unused Assets to reduce memory usage. Loaded Objects now: 1570.
Total: 2.194200 ms (FindLiveObjects: 0.143500 ms CreateObjectMapping: 0.029100 ms MarkObjects: 1.929300 ms  DeleteObjects: 0.090700 ms)

========================================================================
Received Prepare
Registering precompiled user dll's ...
Registered in 0.000623 seconds.
Begin MonoManager ReloadAssembly
Native extension for WindowsStandalone target not found
Refreshing native plugins compatible for Editor in 0.22 ms, found 0 plugins.
Preloading 0 native plugins for Editor in 0.00 ms.
Mono: successfully reloaded assembly
- Completed reload, in  0.782 seconds
Platform modules already initialized, skipping
Refreshing native plugins compatible for Editor in 0.21 ms, found 0 plugins.
Preloading 0 native plugins for Editor in 0.00 ms.
Unloading 1111 Unused Serialized files (Serialized files now loaded: 0)
System memory in use before: 57.1 MB.
System memory in use after: 57.2 MB.

Unloading 5 unused Assets to reduce memory usage. Loaded Objects now: 1573.
Total: 2.009300 ms (FindLiveObjects: 0.151800 ms CreateObjectMapping: 0.046100 ms MarkObjects: 1.708600 ms  DeleteObjects: 0.101400 ms)

========================================================================
Received Prepare
Registering precompiled user dll's ...
Registered in 0.000619 seconds.
Begin MonoManager ReloadAssembly
Native extension for WindowsStandalone target not found
Refreshing native plugins compatible for Editor in 0.30 ms, found 0 plugins.
Preloading 0 native plugins for Editor in 0.00 ms.
Mono: successfully reloaded assembly
- Completed reload, in  0.745 seconds
Platform modules already initialized, skipping
Refreshing native plugins compatible for Editor in 0.26 ms, found 0 plugins.
Preloading 0 native plugins for Editor in 0.00 ms.
Unloading 1111 Unused Serialized files (Serialized files now loaded: 0)
System memory in use before: 57.1 MB.
System memory in use after: 57.2 MB.

Unloading 5 unused Assets to reduce memory usage. Loaded Objects now: 1576.
Total: 2.162300 ms (FindLiveObjects: 0.228300 ms CreateObjectMapping: 0.224600 ms MarkObjects: 1.629700 ms  DeleteObjects: 0.078400 ms)

========================================================================
Received Prepare
Registering precompiled user dll's ...
Registered in 0.000726 seconds.
Begin MonoManager ReloadAssembly
Native extension for WindowsStandalone target not found
Refreshing native plugins compatible for Editor in 0.38 ms, found 0 plugins.
Preloading 0 native plugins for Editor in 0.00 ms.
Mono: successfully reloaded assembly
- Completed reload, in  0.752 seconds
Platform modules already initialized, skipping
Refreshing native plugins compatible for Editor in 0.21 ms, found 0 plugins.
Preloading 0 native plugins for Editor in 0.00 ms.
Unloading 1111 Unused Serialized files (Serialized files now loaded: 0)
System memory in use before: 57.1 MB.
System memory in use after: 57.2 MB.

Unloading 5 unused Assets to reduce memory usage. Loaded Objects now: 1579.
Total: 2.011800 ms (FindLiveObjects: 0.237500 ms CreateObjectMapping: 0.044900 ms MarkObjects: 1.645600 ms  DeleteObjects: 0.082200 ms)

========================================================================
Received Import Request.
  Time since last request: 1712.122081 seconds.
  path: Assets/scripts/Monstermove.cs
  artifactKey: Guid(c455dce9164730a428a74d9bbc740a80) Importer(815301076,1909f56bfc062723c751e8b465ee728b)
Start importing Assets/scripts/Monstermove.cs using Guid(c455dce9164730a428a74d9bbc740a80) Importer(815301076,1909f56bfc062723c751e8b465ee728b)  -> (artifact id: '95a85ff969cb00d8e113ccc85b5424ef') in 0.010676 seconds
  Import took 0.013355 seconds .

========================================================================
Received Prepare
Registering precompiled user dll's ...
Registered in 0.000893 seconds.
Begin MonoManager ReloadAssembly
Native extension for WindowsStandalone target not found
Refreshing native plugins compatible for Editor in 0.21 ms, found 0 plugins.
Preloading 0 native plugins for Editor in 0.00 ms.
Mono: successfully reloaded assembly
- Completed reload, in  0.761 seconds
Platform modules already initialized, skipping
Refreshing native plugins compatible for Editor in 0.30 ms, found 0 plugins.
Preloading 0 native plugins for Editor in 0.00 ms.
Unloading 1111 Unused Serialized files (Serialized files now loaded: 0)
System memory in use before: 57.1 MB.
System memory in use after: 57.2 MB.

Unloading 5 unused Assets to reduce memory usage. Loaded Objects now: 1582.
Total: 2.089700 ms (FindLiveObjects: 0.329700 ms CreateObjectMapping: 0.060800 ms MarkObjects: 1.606700 ms  DeleteObjects: 0.090800 ms)

========================================================================
Received Import Request.
  Time since last request: 805.566355 seconds.
  path: Assets/scripts/Monstermove.cs
  artifactKey: Guid(c455dce9164730a428a74d9bbc740a80) Importer(815301076,1909f56bfc062723c751e8b465ee728b)
Start importing Assets/scripts/Monstermove.cs using Guid(c455dce9164730a428a74d9bbc740a80) Importer(815301076,1909f56bfc062723c751e8b465ee728b)  -> (artifact id: 'e51a102f946f21f7098d5e0fac656c2c') in 0.004369 seconds
  Import took 0.006247 seconds .

========================================================================
Received Prepare
Registering precompiled user dll's ...
Registered in 0.000773 seconds.
Begin MonoManager ReloadAssembly
Native extension for WindowsStandalone target not found
Refreshing native plugins compatible for Editor in 0.20 ms, found 0 plugins.
Preloading 0 native plugins for Editor in 0.00 ms.
Mono: successfully reloaded assembly
- Completed reload, in  0.750 seconds
Platform modules already initialized, skipping
Refreshing native plugins compatible for Editor in 0.22 ms, found 0 plugins.
Preloading 0 native plugins for Editor in 0.00 ms.
Unloading 1111 Unused Serialized files (Serialized files now loaded: 0)
System memory in use before: 57.2 MB.
System memory in use after: 57.2 MB.

Unloading 5 unused Assets to reduce memory usage. Loaded Objects now: 1585.
Total: 1.691700 ms (FindLiveObjects: 0.145000 ms CreateObjectMapping: 0.039200 ms MarkObjects: 1.428900 ms  DeleteObjects: 0.077700 ms)

========================================================================
Received Import Request.
  Time since last request: 697.452302 seconds.
  path: Assets/scripts/Monstermove.cs
  artifactKey: Guid(c455dce9164730a428a74d9bbc740a80) Importer(815301076,1909f56bfc062723c751e8b465ee728b)
Start importing Assets/scripts/Monstermove.cs using Guid(c455dce9164730a428a74d9bbc740a80) Importer(815301076,1909f56bfc062723c751e8b465ee728b)  -> (artifact id: 'd00020f17aa10c4aeaff93a5af874dae') in 0.004980 seconds
  Import took 0.006830 seconds .

========================================================================
Received Prepare
Registering precompiled user dll's ...
Registered in 0.000702 seconds.
Begin MonoManager ReloadAssembly
Native extension for WindowsStandalone target not found
Refreshing native plugins compatible for Editor in 0.21 ms, found 0 plugins.
Preloading 0 native plugins for Editor in 0.00 ms.
Mono: successfully reloaded assembly
- Completed reload, in  0.734 seconds
Platform modules already initialized, skipping
Refreshing native plugins compatible for Editor in 0.39 ms, found 0 plugins.
Preloading 0 native plugins for Editor in 0.00 ms.
Unloading 1111 Unused Serialized files (Serialized files now loaded: 0)
System memory in use before: 57.2 MB.
System memory in use after: 57.2 MB.

Unloading 5 unused Assets to reduce memory usage. Loaded Objects now: 1588.
Total: 4.204400 ms (FindLiveObjects: 0.468000 ms CreateObjectMapping: 0.129600 ms MarkObjects: 3.509900 ms  DeleteObjects: 0.092700 ms)

========================================================================
Received Prepare
Registering precompiled user dll's ...
Registered in 0.000681 seconds.
Begin MonoManager ReloadAssembly
Native extension for WindowsStandalone target not found
Refreshing native plugins compatible for Editor in 0.25 ms, found 0 plugins.
Preloading 0 native plugins for Editor in 0.00 ms.
Mono: successfully reloaded assembly
- Completed reload, in  0.743 seconds
Platform modules already initialized, skipping
Refreshing native plugins compatible for Editor in 0.20 ms, found 0 plugins.
Preloading 0 native plugins for Editor in 0.00 ms.
Unloading 1111 Unused Serialized files (Serialized files now loaded: 0)
System memory in use before: 57.2 MB.
System memory in use after: 57.2 MB.

Unloading 5 unused Assets to reduce memory usage. Loaded Objects now: 1591.
Total: 1.860200 ms (FindLiveObjects: 0.314500 ms CreateObjectMapping: 0.076800 ms MarkObjects: 1.378600 ms  DeleteObjects: 0.088200 ms)

========================================================================
Received Prepare
Registering precompiled user dll's ...
Registered in 0.000989 seconds.
Begin MonoManager ReloadAssembly
Native extension for WindowsStandalone target not found
Refreshing native plugins compatible for Editor in 0.22 ms, found 0 plugins.
Preloading 0 native plugins for Editor in 0.00 ms.
Mono: successfully reloaded assembly
- Completed reload, in  0.756 seconds
Platform modules already initialized, skipping
Refreshing native plugins compatible for Editor in 0.21 ms, found 0 plugins.
Preloading 0 native plugins for Editor in 0.00 ms.
Unloading 1111 Unused Serialized files (Serialized files now loaded: 0)
System memory in use before: 57.2 MB.
System memory in use after: 57.2 MB.

Unloading 5 unused Assets to reduce memory usage. Loaded Objects now: 1594.
Total: 2.040300 ms (FindLiveObjects: 0.170300 ms CreateObjectMapping: 0.049700 ms MarkObjects: 1.768000 ms  DeleteObjects: 0.051600 ms)

========================================================================
Received Import Request.
  Time since last request: 8549.299068 seconds.
  path: Assets/scripts/PlayerMove.cs
  artifactKey: Guid(f0469d16f042837408d3cf48a97a2533) Importer(815301076,1909f56bfc062723c751e8b465ee728b)
Start importing Assets/scripts/PlayerMove.cs using Guid(f0469d16f042837408d3cf48a97a2533) Importer(815301076,1909f56bfc062723c751e8b465ee728b)  -> (artifact id: '40397d0382919bcdc9aee328e6c3170d') in 0.010696 seconds
  Import took 0.012822 seconds .

========================================================================
Received Prepare
Registering precompiled user dll's ...
Registered in 0.000522 seconds.
Begin MonoManager ReloadAssembly
Native extension for WindowsStandalone target not found
Refreshing native plugins compatible for Editor in 0.23 ms, found 0 plugins.
Preloading 0 native plugins for Editor in 0.00 ms.
Mono: successfully reloaded assembly
- Completed reload, in  0.885 seconds
Platform modules already initialized, skipping
Refreshing native plugins compatible for Editor in 0.32 ms, found 0 plugins.
Preloading 0 native plugins for Editor in 0.00 ms.
Unloading 1112 Unused Serialized files (Serialized files now loaded: 0)
System memory in use before: 57.2 MB.
System memory in use after: 57.3 MB.

Unloading 5 unused Assets to reduce memory usage. Loaded Objects now: 1598.
Total: 1.859100 ms (FindLiveObjects: 0.157800 ms CreateObjectMapping: 0.039700 ms MarkObjects: 1.554800 ms  DeleteObjects: 0.105800 ms)

========================================================================
Received Prepare
Registering precompiled user dll's ...
Registered in 0.000664 seconds.
Begin MonoManager ReloadAssembly
Native extension for WindowsStandalone target not found
Refreshing native plugins compatible for Editor in 0.21 ms, found 0 plugins.
Preloading 0 native plugins for Editor in 0.00 ms.
Mono: successfully reloaded assembly
- Completed reload, in  0.772 seconds
Platform modules already initialized, skipping
Refreshing native plugins compatible for Editor in 0.20 ms, found 0 plugins.
Preloading 0 native plugins for Editor in 0.00 ms.
Unloading 1112 Unused Serialized files (Serialized files now loaded: 0)
System memory in use before: 57.2 MB.
System memory in use after: 57.3 MB.

Unloading 5 unused Assets to reduce memory usage. Loaded Objects now: 1601.
Total: 1.992500 ms (FindLiveObjects: 0.156000 ms CreateObjectMapping: 0.042400 ms MarkObjects: 1.730000 ms  DeleteObjects: 0.062400 ms)

========================================================================
Received Import Request.
  Time since last request: 49.512459 seconds.
  path: Assets/scripts/PlayerMove.cs
  artifactKey: Guid(f0469d16f042837408d3cf48a97a2533) Importer(815301076,1909f56bfc062723c751e8b465ee728b)
Start importing Assets/scripts/PlayerMove.cs using Guid(f0469d16f042837408d3cf48a97a2533) Importer(815301076,1909f56bfc062723c751e8b465ee728b)  -> (artifact id: '5b21715c1909c0028832bbd677107805') in 0.007143 seconds
  Import took 0.009588 seconds .

========================================================================
Received Prepare
Registering precompiled user dll's ...
Registered in 0.000738 seconds.
Begin MonoManager ReloadAssembly
Native extension for WindowsStandalone target not found
Refreshing native plugins compatible for Editor in 0.21 ms, found 0 plugins.
Preloading 0 native plugins for Editor in 0.00 ms.
Mono: successfully reloaded assembly
- Completed reload, in  0.760 seconds
Platform modules already initialized, skipping
Refreshing native plugins compatible for Editor in 0.32 ms, found 0 plugins.
Preloading 0 native plugins for Editor in 0.00 ms.
Unloading 1112 Unused Serialized files (Serialized files now loaded: 0)
System memory in use before: 57.2 MB.
System memory in use after: 57.3 MB.

Unloading 5 unused Assets to reduce memory usage. Loaded Objects now: 1604.
Total: 1.985600 ms (FindLiveObjects: 0.284100 ms CreateObjectMapping: 0.076400 ms MarkObjects: 1.530300 ms  DeleteObjects: 0.093500 ms)

========================================================================
Received Prepare
Registering precompiled user dll's ...
Registered in 0.000685 seconds.
Begin MonoManager ReloadAssembly
Native extension for WindowsStandalone target not found
Refreshing native plugins compatible for Editor in 0.21 ms, found 0 plugins.
Preloading 0 native plugins for Editor in 0.00 ms.
Mono: successfully reloaded assembly
- Completed reload, in  0.755 seconds
Platform modules already initialized, skipping
Refreshing native plugins compatible for Editor in 0.20 ms, found 0 plugins.
Preloading 0 native plugins for Editor in 0.00 ms.
Unloading 1112 Unused Serialized files (Serialized files now loaded: 0)
System memory in use before: 57.2 MB.
System memory in use after: 57.3 MB.

Unloading 5 unused Assets to reduce memory usage. Loaded Objects now: 1607.
Total: 1.812100 ms (FindLiveObjects: 0.175300 ms CreateObjectMapping: 0.041600 ms MarkObjects: 1.486700 ms  DeleteObjects: 0.106400 ms)

========================================================================
Received Prepare
Registering precompiled user dll's ...
Registered in 0.000843 seconds.
Begin MonoManager ReloadAssembly
Native extension for WindowsStandalone target not found
Refreshing native plugins compatible for Editor in 0.28 ms, found 0 plugins.
Preloading 0 native plugins for Editor in 0.00 ms.
Mono: successfully reloaded assembly
- Completed reload, in  0.961 seconds
Platform modules already initialized, skipping
Refreshing native plugins compatible for Editor in 0.30 ms, found 0 plugins.
Preloading 0 native plugins for Editor in 0.00 ms.
Unloading 1112 Unused Serialized files (Serialized files now loaded: 0)
System memory in use before: 57.2 MB.
System memory in use after: 57.3 MB.

Unloading 5 unused Assets to reduce memory usage. Loaded Objects now: 1610.
Total: 2.363900 ms (FindLiveObjects: 0.316200 ms CreateObjectMapping: 0.163700 ms MarkObjects: 1.817600 ms  DeleteObjects: 0.064900 ms)

========================================================================
Received Prepare
Registering precompiled user dll's ...
Registered in 0.000576 seconds.
Begin MonoManager ReloadAssembly
Native extension for WindowsStandalone target not found
Refreshing native plugins compatible for Editor in 0.24 ms, found 0 plugins.
Preloading 0 native plugins for Editor in 0.00 ms.
Mono: successfully reloaded assembly
- Completed reload, in  0.761 seconds
Platform modules already initialized, skipping
Refreshing native plugins compatible for Editor in 0.31 ms, found 0 plugins.
Preloading 0 native plugins for Editor in 0.00 ms.
Unloading 1112 Unused Serialized files (Serialized files now loaded: 0)
System memory in use before: 57.2 MB.
System memory in use after: 57.3 MB.

Unloading 5 unused Assets to reduce memory usage. Loaded Objects now: 1613.
Total: 2.543700 ms (FindLiveObjects: 0.377600 ms CreateObjectMapping: 0.075800 ms MarkObjects: 2.008300 ms  DeleteObjects: 0.079800 ms)

========================================================================
Received Prepare
Registering precompiled user dll's ...
Registered in 0.000900 seconds.
Begin MonoManager ReloadAssembly
Native extension for WindowsStandalone target not found
Refreshing native plugins compatible for Editor in 0.32 ms, found 0 plugins.
Preloading 0 native plugins for Editor in 0.00 ms.
Mono: successfully reloaded assembly
- Completed reload, in  0.979 seconds
Platform modules already initialized, skipping
Refreshing native plugins compatible for Editor in 0.22 ms, found 0 plugins.
Preloading 0 native plugins for Editor in 0.00 ms.
Unloading 1112 Unused Serialized files (Serialized files now loaded: 0)
System memory in use before: 57.2 MB.
System memory in use after: 57.3 MB.

Unloading 5 unused Assets to reduce memory usage. Loaded Objects now: 1616.
Total: 2.149800 ms (FindLiveObjects: 0.177500 ms CreateObjectMapping: 0.047300 ms MarkObjects: 1.872400 ms  DeleteObjects: 0.051100 ms)

AssetImportWorkerClient::OnTransportError - code=2 error=End of file
